<?xml version="1.0" encoding="UTF-8"?>
<testsuite name="PasswordCheckerTest" tests="10" skipped="0" failures="0" errors="0" timestamp="2023-11-09T13:40:38" hostname="LAPTOP-FKKAKK34" time="0.093">
  <properties/>
  <testcase name="[1] -1, 0" classname="PasswordCheckerTest" time="0.058"/>
  <testcase name="[2] -3, -1" classname="PasswordCheckerTest" time="0.001"/>
  <testcase name="[3] -23, -3" classname="PasswordCheckerTest" time="0.002"/>
  <testcase name="[4] -1, -1" classname="PasswordCheckerTest" time="0.001"/>
  <testcase name="[1] password, 5, 2, true" classname="PasswordCheckerTest" time="0.003"/>
  <testcase name="[2] pas, 5, 2, false" classname="PasswordCheckerTest" time="0.002"/>
  <testcase name="[3] passsword, 5, 2, false" classname="PasswordCheckerTest" time="0.001"/>
  <testcase name="[4] passworrrrd, 3, 3, false" classname="PasswordCheckerTest" time="0.002"/>
  <testcase name="[5] passs, 6, 2, false" classname="PasswordCheckerTest" time="0.001"/>
  <testcase name="[6] passswwword, 4, 3, true" classname="PasswordCheckerTest" time="0.001"/>
  <system-out><![CDATA[]]></system-out>
  <system-err><![CDATA[]]></system-err>
</testsuite>
