<?xml version="1.0" encoding="UTF-8"?>
<testsuite name="MainTest" tests="1" skipped="0" failures="0" errors="0" timestamp="2023-11-08T09:46:14" hostname="LAPTOP-FKKAKK34" time="0.026">
  <properties/>
  <testcase name="mergeAll()" classname="MainTest" time="0.026"/>
  <system-out><![CDATA[]]></system-out>
  <system-err><![CDATA[]]></system-err>
</testsuite>
